2025-09-06 00:19:17,914 | INFO | gensim.models.word2vec | collecting all words and their counts
2025-09-06 00:19:17,914 | INFO | gensim.models.word2vec | PROGRESS: at sentence #0, processed 0 words, keeping 0 word types
2025-09-06 00:19:17,914 | INFO | gensim.models.word2vec | collected 106 word types from a corpus of 434 raw words and 70 sentences
2025-09-06 00:19:17,914 | INFO | gensim.models.word2vec | Creating a fresh vocabulary
2025-09-06 00:19:17,914 | INFO | gensim.utils | Word2Vec lifecycle event {'msg': 'effective_min_count=2 retains 101 unique words (95.28% of original 106, drops 5)', 'datetime': '2025-09-06T00:19:17.914631', 'gensim': '4.3.3', 'python': '3.10.18 | packaged by conda-forge | (main, Jun  4 2025, 14:45:41) [GCC 13.3.0]', 'platform': 'Linux-6.11.0-28-generic-x86_64-with-glibc2.39', 'event': 'prepare_vocab'}
2025-09-06 00:19:17,914 | INFO | gensim.utils | Word2Vec lifecycle event {'msg': 'effective_min_count=2 leaves 429 word corpus (98.85% of original 434, drops 5)', 'datetime': '2025-09-06T00:19:17.914696', 'gensim': '4.3.3', 'python': '3.10.18 | packaged by conda-forge | (main, Jun  4 2025, 14:45:41) [GCC 13.3.0]', 'platform': 'Linux-6.11.0-28-generic-x86_64-with-glibc2.39', 'event': 'prepare_vocab'}
2025-09-06 00:19:17,914 | INFO | gensim.models.word2vec | deleting the raw counts dictionary of 106 items
2025-09-06 00:19:17,915 | INFO | gensim.models.word2vec | sample=0.001 downsamples 101 most-common words
2025-09-06 00:19:17,915 | INFO | gensim.utils | Word2Vec lifecycle event {'msg': 'downsampling leaves estimated 171.8821149668076 word corpus (40.1%% of prior 429)', 'datetime': '2025-09-06T00:19:17.915041', 'gensim': '4.3.3', 'python': '3.10.18 | packaged by conda-forge | (main, Jun  4 2025, 14:45:41) [GCC 13.3.0]', 'platform': 'Linux-6.11.0-28-generic-x86_64-with-glibc2.39', 'event': 'prepare_vocab'}
2025-09-06 00:19:17,915 | INFO | gensim.models.word2vec | estimated required memory for 101 words and 100 dimensions: 131300 bytes
2025-09-06 00:19:17,915 | INFO | gensim.models.word2vec | resetting layer weights
2025-09-06 00:19:17,915 | INFO | gensim.utils | Word2Vec lifecycle event {'update': False, 'trim_rule': 'None', 'datetime': '2025-09-06T00:19:17.915444', 'gensim': '4.3.3', 'python': '3.10.18 | packaged by conda-forge | (main, Jun  4 2025, 14:45:41) [GCC 13.3.0]', 'platform': 'Linux-6.11.0-28-generic-x86_64-with-glibc2.39', 'event': 'build_vocab'}
2025-09-06 00:19:17,915 | INFO | gensim.utils | Word2Vec lifecycle event {'msg': 'training model with 2 workers on 101 vocabulary and 100 features, using sg=1 hs=0 sample=0.001 negative=5 window=5 shrink_windows=True', 'datetime': '2025-09-06T00:19:17.915484', 'gensim': '4.3.3', 'python': '3.10.18 | packaged by conda-forge | (main, Jun  4 2025, 14:45:41) [GCC 13.3.0]', 'platform': 'Linux-6.11.0-28-generic-x86_64-with-glibc2.39', 'event': 'train'}
2025-09-06 00:19:17,916 | INFO | gensim.models.word2vec | EPOCH 0: training on 434 raw words (167 effective words) took 0.0s, 282200 effective words/s
2025-09-06 00:19:17,917 | INFO | gensim.models.word2vec | EPOCH 1: training on 434 raw words (180 effective words) took 0.0s, 515303 effective words/s
2025-09-06 00:19:17,918 | INFO | gensim.models.word2vec | EPOCH 2: training on 434 raw words (174 effective words) took 0.0s, 493663 effective words/s
2025-09-06 00:19:17,919 | INFO | gensim.models.word2vec | EPOCH 3: training on 434 raw words (176 effective words) took 0.0s, 482488 effective words/s
2025-09-06 00:19:17,919 | INFO | gensim.models.word2vec | EPOCH 4: training on 434 raw words (171 effective words) took 0.0s, 554701 effective words/s
2025-09-06 00:19:17,919 | INFO | gensim.utils | Word2Vec lifecycle event {'msg': 'training on 2170 raw words (868 effective words) took 0.0s, 208543 effective words/s', 'datetime': '2025-09-06T00:19:17.919667', 'gensim': '4.3.3', 'python': '3.10.18 | packaged by conda-forge | (main, Jun  4 2025, 14:45:41) [GCC 13.3.0]', 'platform': 'Linux-6.11.0-28-generic-x86_64-with-glibc2.39', 'event': 'train'}
2025-09-06 00:19:17,919 | INFO | gensim.utils | Word2Vec lifecycle event {'params': 'Word2Vec<vocab=101, vector_size=100, alpha=0.025>', 'datetime': '2025-09-06T00:19:17.919699', 'gensim': '4.3.3', 'python': '3.10.18 | packaged by conda-forge | (main, Jun  4 2025, 14:45:41) [GCC 13.3.0]', 'platform': 'Linux-6.11.0-28-generic-x86_64-with-glibc2.39', 'event': 'created'}
2025-09-06 00:19:22,235 | INFO | gensim.models.word2vec | collecting all words and their counts
2025-09-06 00:19:22,235 | INFO | gensim.models.word2vec | PROGRESS: at sentence #0, processed 0 words, keeping 0 word types
2025-09-06 00:19:22,235 | INFO | gensim.models.word2vec | collected 106 word types from a corpus of 434 raw words and 70 sentences
2025-09-06 00:19:22,236 | INFO | gensim.models.word2vec | Creating a fresh vocabulary
2025-09-06 00:19:22,236 | INFO | gensim.utils | FastText lifecycle event {'msg': 'effective_min_count=2 retains 101 unique words (95.28% of original 106, drops 5)', 'datetime': '2025-09-06T00:19:22.236134', 'gensim': '4.3.3', 'python': '3.10.18 | packaged by conda-forge | (main, Jun  4 2025, 14:45:41) [GCC 13.3.0]', 'platform': 'Linux-6.11.0-28-generic-x86_64-with-glibc2.39', 'event': 'prepare_vocab'}
2025-09-06 00:19:22,236 | INFO | gensim.utils | FastText lifecycle event {'msg': 'effective_min_count=2 leaves 429 word corpus (98.85% of original 434, drops 5)', 'datetime': '2025-09-06T00:19:22.236192', 'gensim': '4.3.3', 'python': '3.10.18 | packaged by conda-forge | (main, Jun  4 2025, 14:45:41) [GCC 13.3.0]', 'platform': 'Linux-6.11.0-28-generic-x86_64-with-glibc2.39', 'event': 'prepare_vocab'}
2025-09-06 00:19:22,236 | INFO | gensim.models.word2vec | deleting the raw counts dictionary of 106 items
2025-09-06 00:19:22,236 | INFO | gensim.models.word2vec | sample=0.001 downsamples 101 most-common words
2025-09-06 00:19:22,236 | INFO | gensim.utils | FastText lifecycle event {'msg': 'downsampling leaves estimated 171.8821149668076 word corpus (40.1%% of prior 429)', 'datetime': '2025-09-06T00:19:22.236536', 'gensim': '4.3.3', 'python': '3.10.18 | packaged by conda-forge | (main, Jun  4 2025, 14:45:41) [GCC 13.3.0]', 'platform': 'Linux-6.11.0-28-generic-x86_64-with-glibc2.39', 'event': 'prepare_vocab'}
2025-09-06 00:19:22,237 | INFO | gensim.models.fasttext | estimated required memory for 101 words, 2000000 buckets and 100 dimensions: 800151580 bytes
2025-09-06 00:19:22,237 | INFO | gensim.models.word2vec | resetting layer weights
2025-09-06 00:19:22,644 | INFO | gensim.utils | FastText lifecycle event {'update': False, 'trim_rule': 'None', 'datetime': '2025-09-06T00:19:22.644270', 'gensim': '4.3.3', 'python': '3.10.18 | packaged by conda-forge | (main, Jun  4 2025, 14:45:41) [GCC 13.3.0]', 'platform': 'Linux-6.11.0-28-generic-x86_64-with-glibc2.39', 'event': 'build_vocab'}
2025-09-06 00:19:22,644 | INFO | gensim.utils | FastText lifecycle event {'msg': 'training model with 2 workers on 101 vocabulary and 100 features, using sg=1 hs=0 sample=0.001 negative=5 window=5 shrink_windows=True', 'datetime': '2025-09-06T00:19:22.644405', 'gensim': '4.3.3', 'python': '3.10.18 | packaged by conda-forge | (main, Jun  4 2025, 14:45:41) [GCC 13.3.0]', 'platform': 'Linux-6.11.0-28-generic-x86_64-with-glibc2.39', 'event': 'train'}
2025-09-06 00:19:22,652 | INFO | gensim.models.word2vec | EPOCH 0: training on 434 raw words (167 effective words) took 0.0s, 22514 effective words/s
2025-09-06 00:19:22,654 | INFO | gensim.models.word2vec | EPOCH 1: training on 434 raw words (180 effective words) took 0.0s, 258360 effective words/s
2025-09-06 00:19:22,655 | INFO | gensim.models.word2vec | EPOCH 2: training on 434 raw words (174 effective words) took 0.0s, 235313 effective words/s
2025-09-06 00:19:22,656 | INFO | gensim.models.word2vec | EPOCH 3: training on 434 raw words (176 effective words) took 0.0s, 243126 effective words/s
2025-09-06 00:19:22,657 | INFO | gensim.models.word2vec | EPOCH 4: training on 434 raw words (171 effective words) took 0.0s, 251500 effective words/s
2025-09-06 00:19:22,657 | INFO | gensim.utils | FastText lifecycle event {'msg': 'training on 2170 raw words (868 effective words) took 0.0s, 66866 effective words/s', 'datetime': '2025-09-06T00:19:22.657438', 'gensim': '4.3.3', 'python': '3.10.18 | packaged by conda-forge | (main, Jun  4 2025, 14:45:41) [GCC 13.3.0]', 'platform': 'Linux-6.11.0-28-generic-x86_64-with-glibc2.39', 'event': 'train'}
2025-09-06 00:19:22,659 | INFO | gensim.utils | FastText lifecycle event {'params': 'FastText<vocab=101, vector_size=100, alpha=0.025>', 'datetime': '2025-09-06T00:19:22.659596', 'gensim': '4.3.3', 'python': '3.10.18 | packaged by conda-forge | (main, Jun  4 2025, 14:45:41) [GCC 13.3.0]', 'platform': 'Linux-6.11.0-28-generic-x86_64-with-glibc2.39', 'event': 'created'}
2025-09-06 00:19:27,080 | INFO | sentence_transformers.SentenceTransformer | Use pytorch device_name: cpu
2025-09-06 00:19:27,080 | INFO | sentence_transformers.SentenceTransformer | Load pretrained SentenceTransformer: sentence-transformers/distiluse-base-multilingual-cased-v2
